2017-11-17 09:44:44,309 ERROR 7888 [-/::1/-/5022ms GET /news] nodejs.ConnectionTimeoutError: Connect timeout for 5000ms, GET https://hacker-news.firebaseio.com/v0/topstories.json -2 (connected: false, keepalive socket: false, agent status: {"createSocketCount":1,"createSocketErrorCount":0,"closeSocketCount":1,"errorSocketCount":0,"timeoutSocketCount":0,"requestCount":0,"freeSockets":{},"sockets":{},"requests":{}})
headers: {}
headers: {}
    at Timeout._onTimeout (E:\localRepositories\interests\koa-learning-notes\framework\egg-example\node_modules\_urllib@2.25.1@urllib\lib\urllib.js:735:15)
    at ontimeout (timers.js:471:11)
    at tryOnTimeout (timers.js:306:5)
    at Timer.listOnTimeout (timers.js:266:5)
name: 'ConnectionTimeoutError'
requestId: 1
data: undefined
path: '/v0/topstories.json?orderBy=%22%24key%22&startAt=%220%22&endAt=%224%22'
status: -2
headers: {}
res: { status: -2, statusCode: -2, headers: {}, size: 0, aborted: false, rt: 5014, keepAliveSocket: false, data: undefined, requestUrls: [ 'https://hacker-news.firebaseio.com/v0/topstories.json' ], timing: null, remoteAddress: '35.201.97.85', remotePort: '' }
pid: 7888
hostname: PC-20170713OMYK

2017-11-17 09:44:55,614 ERROR 7888 [-/::1/-/5002ms GET /news] nodejs.ConnectionTimeoutError: Connect timeout for 5000ms, GET https://hacker-news.firebaseio.com/v0/topstories.json -2 (connected: false, keepalive socket: false, agent status: {"createSocketCount":2,"createSocketErrorCount":0,"closeSocketCount":2,"errorSocketCount":0,"timeoutSocketCount":0,"requestCount":0,"freeSockets":{},"sockets":{},"requests":{}})
headers: {}
headers: {}
    at Timeout._onTimeout (E:\localRepositories\interests\koa-learning-notes\framework\egg-example\node_modules\_urllib@2.25.1@urllib\lib\urllib.js:735:15)
    at ontimeout (timers.js:471:11)
    at tryOnTimeout (timers.js:306:5)
    at Timer.listOnTimeout (timers.js:266:5)
name: 'ConnectionTimeoutError'
requestId: 2
data: undefined
path: '/v0/topstories.json?orderBy=%22%24key%22&startAt=%220%22&endAt=%224%22'
status: -2
headers: {}
res: { status: -2, statusCode: -2, headers: {}, size: 0, aborted: false, rt: 5002, keepAliveSocket: false, data: undefined, requestUrls: [ 'https://hacker-news.firebaseio.com/v0/topstories.json' ], timing: null, remoteAddress: '35.201.97.85', remotePort: '' }
pid: 7888
hostname: PC-20170713OMYK

2017-11-17 09:45:03,188 ERROR 7888 [-/::1/-/5002ms GET /news] nodejs.ConnectionTimeoutError: Connect timeout for 5000ms, GET https://hacker-news.firebaseio.com/v0/topstories.json -2 (connected: false, keepalive socket: false, agent status: {"createSocketCount":3,"createSocketErrorCount":0,"closeSocketCount":3,"errorSocketCount":0,"timeoutSocketCount":0,"requestCount":0,"freeSockets":{},"sockets":{},"requests":{}})
headers: {}
headers: {}
    at Timeout._onTimeout (E:\localRepositories\interests\koa-learning-notes\framework\egg-example\node_modules\_urllib@2.25.1@urllib\lib\urllib.js:735:15)
    at ontimeout (timers.js:471:11)
    at tryOnTimeout (timers.js:306:5)
    at Timer.listOnTimeout (timers.js:266:5)
name: 'ConnectionTimeoutError'
requestId: 3
data: undefined
path: '/v0/topstories.json?orderBy=%22%24key%22&startAt=%220%22&endAt=%224%22'
status: -2
headers: {}
res: { status: -2, statusCode: -2, headers: {}, size: 0, aborted: false, rt: 5002, keepAliveSocket: false, data: undefined, requestUrls: [ 'https://hacker-news.firebaseio.com/v0/topstories.json' ], timing: null, remoteAddress: '35.201.97.85', remotePort: '' }
pid: 7888
hostname: PC-20170713OMYK

