2017-08-28 11:14:23,377 INFO 4608 [egg:logger] init all loggers with options: {"dir":"E:\\localRepositories\\interests\\koa-learning-notes\\framework\\egg-example\\logs\\egg-example","encoding":"utf8","env":"unittest","level":"INFO","consoleLevel":"WARN","disableConsoleAfterReady":false,"outputJSON":false,"buffer":false,"appLogName":"egg-example-web.log","coreLogName":"egg-web.log","agentLogName":"egg-agent.log","errorLogName":"common-error.log","coreLogger":{},"type":"application"}
2017-08-28 11:14:23,399 INFO 4608 [egg-schedule]: register schedule egg-schedule:E:\localRepositories\interests\koa-learning-notes\framework\egg-example\node_modules\_egg-logrotator@2.2.3@egg-logrotator\app\schedule\clean_log.js
2017-08-28 11:14:23,399 INFO 4608 [egg-schedule]: register schedule egg-schedule:E:\localRepositories\interests\koa-learning-notes\framework\egg-example\node_modules\_egg-logrotator@2.2.3@egg-logrotator\app\schedule\rotate_by_file.js
2017-08-28 11:14:23,469 INFO 4608 [egg-static] starting static serve /public/ -> E:\localRepositories\interests\koa-learning-notes\framework\egg-example\app\public
2017-08-28 11:14:23,472 INFO 4608 [egg-security] use csrf middleware
2017-08-28 11:14:23,473 INFO 4608 [egg-security] use methodnoallow middleware
2017-08-28 11:14:23,474 INFO 4608 [egg-security] use noopen middleware
2017-08-28 11:14:23,474 INFO 4608 [egg-security] use nosniff middleware
2017-08-28 11:14:23,475 INFO 4608 [egg-security] use xssProtection middleware
2017-08-28 11:14:23,475 INFO 4608 [egg-security] use xframe middleware
2017-08-28 11:14:23,476 INFO 4608 [egg-security] use dta middleware
2017-08-28 11:14:23,476 INFO 4608 [egg-security] compose 7 middlewares into one security middleware
2017-08-28 11:14:23,504 INFO 4608 [egg-watcher:app] watcher start success
2017-11-17 09:44:28,474 INFO 7888 [egg:logger] init all loggers with options: {"dir":"E:\\localRepositories\\interests\\koa-learning-notes\\framework\\egg-example\\logs\\egg-example","encoding":"utf8","env":"local","level":"INFO","consoleLevel":"INFO","disableConsoleAfterReady":false,"outputJSON":false,"buffer":true,"appLogName":"egg-example-web.log","coreLogName":"egg-web.log","agentLogName":"egg-agent.log","errorLogName":"common-error.log","coreLogger":{"consoleLevel":"WARN"},"allowDebugAtProd":true,"type":"application"}
2017-11-17 09:44:28,495 INFO 7888 [egg-schedule]: register schedule E:\localRepositories\interests\koa-learning-notes\framework\egg-example\node_modules\_egg-logrotator@2.3.0@egg-logrotator\app\schedule\clean_log.js
2017-11-17 09:44:28,495 INFO 7888 [egg-schedule]: register schedule E:\localRepositories\interests\koa-learning-notes\framework\egg-example\node_modules\_egg-logrotator@2.3.0@egg-logrotator\app\schedule\rotate_by_file.js
2017-11-17 09:44:28,554 INFO 7888 [egg-static] starting static serve /public/ -> E:\localRepositories\interests\koa-learning-notes\framework\egg-example\app\public
2017-11-17 09:44:28,557 INFO 7888 [egg-security] use csrf middleware
2017-11-17 09:44:28,558 INFO 7888 [egg-security] use methodnoallow middleware
2017-11-17 09:44:28,559 INFO 7888 [egg-security] use noopen middleware
2017-11-17 09:44:28,559 INFO 7888 [egg-security] use nosniff middleware
2017-11-17 09:44:28,559 INFO 7888 [egg-security] use xssProtection middleware
2017-11-17 09:44:28,560 INFO 7888 [egg-security] use xframe middleware
2017-11-17 09:44:28,560 INFO 7888 [egg-security] use dta middleware
2017-11-17 09:44:28,560 INFO 7888 [egg-security] compose 7 middlewares into one security middleware
2017-11-17 09:44:28,583 INFO 7888 [egg-watcher:app] watcher start success
